<?xml version="1.0" encoding="UTF-8"?>
<!-- Generated by org.testng.reporters.JUnitReportReporter -->
<testsuite hostname="DESKTOP-E01NGK9" failures="0" tests="1" name="TestTwo" time="0.001" errors="0" timestamp="2023-04-15T23:55:50 IST" skipped="0">
  <testcase classname="TestTwo" name="testTwoExample" time="0.001"/>
  <system-out/>
</testsuite> <!-- TestTwo -->
