<?xml version="1.0" encoding="UTF-8"?>
<!-- Generated by org.testng.reporters.JUnitReportReporter -->
<testsuite hostname="DESKTOP-E01NGK9" failures="0" tests="1" name="ReadTextData" time="0.010" errors="0" timestamp="2023-04-02T11:46:17 IST" skipped="0">
  <testcase classname="ReadTextData" name="readTextData" time="0.010"/>
  <system-out/>
</testsuite> <!-- ReadTextData -->
